{
  "stats": {
    "suites": 1,
    "tests": 1,
    "passes": 1,
    "pending": 0,
    "failures": 0,
    "start": "2024-09-07T13:22:16.196Z",
    "end": "2024-09-07T13:22:17.273Z",
    "duration": 1077,
    "testsRegistered": 1,
    "passPercent": 100,
    "pendingPercent": 0,
    "other": 0,
    "hasOther": false,
    "skipped": 0,
    "hasSkipped": false
  },
  "results": [
    {
      "uuid": "bd1cc60e-3476-4bab-bdff-80480fcf1c69",
      "title": "",
      "fullFile": "cypress\\e2e\\integration\\BackEnd\\PositiveScenarios\\TC03_Put_JsonPlaceHolderAPI.cy.ts",
      "file": "cypress\\e2e\\integration\\BackEnd\\PositiveScenarios\\TC03_Put_JsonPlaceHolderAPI.cy.ts",
      "beforeHooks": [],
      "afterHooks": [],
      "tests": [],
      "suites": [
        {
          "uuid": "18410c6e-2c31-4474-b72c-eb6c8811ed08",
          "title": "JTC03_Put_JsonPlaceHolderAPI.cy",
          "fullFile": "",
          "file": "",
          "beforeHooks": [],
          "afterHooks": [],
          "tests": [
            {
              "title": "This test case is created to use PUT to Update an existing post",
              "fullTitle": "JTC03_Put_JsonPlaceHolderAPI.cy This test case is created to use PUT to Update an existing post",
              "timedOut": null,
              "duration": 966,
              "state": "passed",
              "speed": "fast",
              "pass": true,
              "fail": false,
              "pending": false,
              "context": null,
              "code": "",
              "err": {},
              "uuid": "c7ad72eb-814b-4d84-a4b0-2e7cd7f89d83",
              "parentUUID": "18410c6e-2c31-4474-b72c-eb6c8811ed08",
              "isHook": false,
              "skipped": false
            }
          ],
          "suites": [],
          "passes": [
            "c7ad72eb-814b-4d84-a4b0-2e7cd7f89d83"
          ],
          "failures": [],
          "pending": [],
          "skipped": [],
          "duration": 966,
          "root": false,
          "rootEmpty": false,
          "_timeout": 2000
        }
      ],
      "passes": [],
      "failures": [],
      "pending": [],
      "skipped": [],
      "duration": 0,
      "root": true,
      "rootEmpty": true,
      "_timeout": 2000
    }
  ],
  "meta": {
    "mocha": {
      "version": "7.0.1"
    },
    "mochawesome": {
      "options": {
        "quiet": false,
        "reportFilename": "mochawesome",
        "saveHtml": false,
        "saveJson": true,
        "consoleReporter": "spec",
        "useInlineDiffs": false,
        "code": false
      },
      "version": "7.1.3"
    },
    "marge": {
      "options": {
        "reporterDir": "cypress/reports",
        "overwrite": false,
        "saveHtml": true,
        "embeddedScreenshots": true,
        "inlineAssests": true,
        "saveAllAtempts": true,
        "code": false,
        "reportPageTitle": "Cypress-Test-Results",
        "html": false,
        "json": true,
        "reportDir": "cypress\\reports\\html\\.jsons"
      },
      "version": "6.2.0"
    }
  }
}