{
  "stats": {
    "suites": 1,
    "tests": 1,
    "passes": 1,
    "pending": 0,
    "failures": 0,
    "start": "2024-09-07T13:22:47.204Z",
    "end": "2024-09-07T13:22:47.387Z",
    "duration": 183,
    "testsRegistered": 1,
    "passPercent": 100,
    "pendingPercent": 0,
    "other": 0,
    "hasOther": false,
    "skipped": 0,
    "hasSkipped": false
  },
  "results": [
    {
      "uuid": "dc4974fc-e277-42c0-8f58-870394dffa2e",
      "title": "",
      "fullFile": "cypress\\e2e\\integration\\BackEnd\\NegativeScenarios\\TC04_Negative_FeatchIvalidPost.cy.ts",
      "file": "cypress\\e2e\\integration\\BackEnd\\NegativeScenarios\\TC04_Negative_FeatchIvalidPost.cy.ts",
      "beforeHooks": [],
      "afterHooks": [],
      "tests": [],
      "suites": [
        {
          "uuid": "aa5232a2-7963-4580-a92b-9b209f7b273d",
          "title": "TC04_Negative_FeatchIvalidPost",
          "fullFile": "",
          "file": "",
          "beforeHooks": [],
          "afterHooks": [],
          "tests": [
            {
              "title": "This test case is cretaed to use Featch invalid Url",
              "fullTitle": "TC04_Negative_FeatchIvalidPost This test case is cretaed to use Featch invalid Url",
              "timedOut": null,
              "duration": 108,
              "state": "passed",
              "speed": "fast",
              "pass": true,
              "fail": false,
              "pending": false,
              "context": null,
              "code": "",
              "err": {},
              "uuid": "16270600-f5e3-4c9c-8e88-1aabb545a652",
              "parentUUID": "aa5232a2-7963-4580-a92b-9b209f7b273d",
              "isHook": false,
              "skipped": false
            }
          ],
          "suites": [],
          "passes": [
            "16270600-f5e3-4c9c-8e88-1aabb545a652"
          ],
          "failures": [],
          "pending": [],
          "skipped": [],
          "duration": 108,
          "root": false,
          "rootEmpty": false,
          "_timeout": 2000
        }
      ],
      "passes": [],
      "failures": [],
      "pending": [],
      "skipped": [],
      "duration": 0,
      "root": true,
      "rootEmpty": true,
      "_timeout": 2000
    }
  ],
  "meta": {
    "mocha": {
      "version": "7.0.1"
    },
    "mochawesome": {
      "options": {
        "quiet": false,
        "reportFilename": "mochawesome",
        "saveHtml": false,
        "saveJson": true,
        "consoleReporter": "spec",
        "useInlineDiffs": false,
        "code": false
      },
      "version": "7.1.3"
    },
    "marge": {
      "options": {
        "reporterDir": "cypress/reports",
        "overwrite": false,
        "saveHtml": true,
        "embeddedScreenshots": true,
        "inlineAssests": true,
        "saveAllAtempts": true,
        "code": false,
        "reportPageTitle": "Cypress-Test-Results",
        "html": false,
        "json": true,
        "reportDir": "cypress\\reports\\html\\.jsons"
      },
      "version": "6.2.0"
    }
  }
}