{
  "stats": {
    "suites": 1,
    "tests": 1,
    "passes": 0,
    "pending": 0,
    "failures": 1,
    "start": "2024-09-07T13:21:33.076Z",
    "end": "2024-09-07T13:21:57.532Z",
    "duration": 24456,
    "testsRegistered": 1,
    "passPercent": 0,
    "pendingPercent": 0,
    "other": 0,
    "hasOther": false,
    "skipped": 0,
    "hasSkipped": false
  },
  "results": [
    {
      "uuid": "e4ab2be8-292c-4850-a456-6dc4224ddf27",
      "title": "",
      "fullFile": "cypress\\e2e\\integration\\frontend\\PriceComparision_Reliance_croma.cy.js",
      "file": "cypress\\e2e\\integration\\frontend\\PriceComparision_Reliance_croma.cy.js",
      "beforeHooks": [],
      "afterHooks": [],
      "tests": [],
      "suites": [
        {
          "uuid": "f04442a4-2b15-4148-8ab7-8a39b0207ce7",
          "title": "PriceComparision_Reliance_croma.cy",
          "fullFile": "",
          "file": "",
          "beforeHooks": [],
          "afterHooks": [],
          "tests": [
            {
              "title": "Compares Reliance Digital and Croma prices",
              "fullTitle": "PriceComparision_Reliance_croma.cy Compares Reliance Digital and Croma prices",
              "timedOut": null,
              "duration": 13084,
              "state": "failed",
              "speed": null,
              "pass": false,
              "fail": true,
              "pending": false,
              "context": null,
              "code": "",
              "err": {
                "message": "CypressError: `cy.origin()` failed to create a spec bridge to communicate with the specified origin. This can happen when you attempt to create a spec bridge to an insecure (http) frame from a secure (https) frame.\n\nCheck your Developer Tools Console for the actual error - it should be printed there.\n\nhttps://on.cypress.io/origin",
                "estack": "CypressError: `cy.origin()` failed to create a spec bridge to communicate with the specified origin. This can happen when you attempt to create a spec bridge to an insecure (http) frame from a secure (https) frame.\n\nCheck your Developer Tools Console for the actual error - it should be printed there.\n\nhttps://on.cypress.io/origin\n    at cypressErr (https://www.reliancedigital.in/__cypress/runner/cypress_runner.js:76025:18)\n    at Object.errByPath (https://www.reliancedigital.in/__cypress/runner/cypress_runner.js:76079:10)\n    at <unknown> (https://www.reliancedigital.in/__cypress/runner/cypress_runner.js:121594:80)\nFrom Your Spec Code:\n    at Context.eval (webpack://cypress_ecommtestrepo/./cypress/support/commands.js:51:7)",
                "diff": null
              },
              "uuid": "d61eaed0-e9c6-455f-a076-2875431e4535",
              "parentUUID": "f04442a4-2b15-4148-8ab7-8a39b0207ce7",
              "isHook": false,
              "skipped": false
            }
          ],
          "suites": [],
          "passes": [],
          "failures": [
            "d61eaed0-e9c6-455f-a076-2875431e4535"
          ],
          "pending": [],
          "skipped": [],
          "duration": 13084,
          "root": false,
          "rootEmpty": false,
          "_timeout": 2000
        }
      ],
      "passes": [],
      "failures": [],
      "pending": [],
      "skipped": [],
      "duration": 0,
      "root": true,
      "rootEmpty": true,
      "_timeout": 2000
    }
  ],
  "meta": {
    "mocha": {
      "version": "7.0.1"
    },
    "mochawesome": {
      "options": {
        "quiet": false,
        "reportFilename": "mochawesome",
        "saveHtml": false,
        "saveJson": true,
        "consoleReporter": "spec",
        "useInlineDiffs": false,
        "code": false
      },
      "version": "7.1.3"
    },
    "marge": {
      "options": {
        "reporterDir": "cypress/reports",
        "overwrite": false,
        "saveHtml": true,
        "embeddedScreenshots": true,
        "inlineAssests": true,
        "saveAllAtempts": true,
        "code": false,
        "reportPageTitle": "Cypress-Test-Results",
        "html": false,
        "json": true,
        "reportDir": "cypress\\reports\\html\\.jsons"
      },
      "version": "6.2.0"
    }
  }
}