{
  "stats": {
    "suites": 1,
    "tests": 1,
    "passes": 0,
    "pending": 0,
    "failures": 1,
    "start": "2024-09-05T21:23:38.952Z",
    "end": "2024-09-05T21:24:05.172Z",
    "duration": 26220,
    "testsRegistered": 1,
    "passPercent": 0,
    "pendingPercent": 0,
    "other": 0,
    "hasOther": false,
    "skipped": 0,
    "hasSkipped": false
  },
  "results": [
    {
      "uuid": "543216d1-149f-4306-a21b-3523cdc4c75a",
      "title": "",
      "fullFile": "cypress\\e2e\\integration\\frontend\\RelianceDigital\\TC01_ProductSearch.cy.js",
      "file": "cypress\\e2e\\integration\\frontend\\RelianceDigital\\TC01_ProductSearch.cy.js",
      "beforeHooks": [],
      "afterHooks": [],
      "tests": [],
      "suites": [
        {
          "uuid": "d56fa8a6-57b8-4699-92bf-8e35fedf6beb",
          "title": "TC01_ProductSearch",
          "fullFile": "",
          "file": "",
          "beforeHooks": [],
          "afterHooks": [],
          "tests": [
            {
              "title": "search the laptop from Reliancedigital website",
              "fullTitle": "TC01_ProductSearch search the laptop from Reliancedigital website",
              "timedOut": null,
              "duration": 21905,
              "state": "failed",
              "speed": null,
              "pass": false,
              "fail": true,
              "pending": false,
              "context": null,
              "code": "",
              "err": {
                "message": "CypressError: Timed out retrying after 4050ms: `cy.click()` failed because this element:\n\n`<button type=\"button\" aria-label=\"Search\" class=\"searchPanel__search\" id=\"RIL_HomeSearchButton\">...</button>`\n\nis being covered by another element:\n\n`<div class=\"wzrk-overlay\"></div>`\n\nFix this problem, or use {force: true} to disable error checking.\n\nhttps://on.cypress.io/element-cannot-be-interacted-with",
                "estack": "CypressError: Timed out retrying after 4050ms: `cy.click()` failed because this element:\n\n`<button type=\"button\" aria-label=\"Search\" class=\"searchPanel__search\" id=\"RIL_HomeSearchButton\">...</button>`\n\nis being covered by another element:\n\n`<div class=\"wzrk-overlay\"></div>`\n\nFix this problem, or use {force: true} to disable error checking.\n\nhttps://on.cypress.io/element-cannot-be-interacted-with\n    at ensureIsDescendent (https://www.reliancedigital.in/__cypress/runner/cypress_runner.js:112861:68)\n    at ensureDescendents (https://www.reliancedigital.in/__cypress/runner/cypress_runner.js:112912:5)\n    at ensureDescendentsAndScroll (https://www.reliancedigital.in/__cypress/runner/cypress_runner.js:112918:14)\n    at ensureElIsNotCovered (https://www.reliancedigital.in/__cypress/runner/cypress_runner.js:113049:5)\n    at runAllChecks (https://www.reliancedigital.in/__cypress/runner/cypress_runner.js:113248:52)\n    at retryActionability (https://www.reliancedigital.in/__cypress/runner/cypress_runner.js:113285:16)\n    at tryCatcher (https://www.reliancedigital.in/__cypress/runner/cypress_runner.js:1807:23)\n    at Promise.attempt.Promise.try (https://www.reliancedigital.in/__cypress/runner/cypress_runner.js:4315:29)\n    at whenStable (https://www.reliancedigital.in/__cypress/runner/cypress_runner.js:144102:68)\n    at <unknown> (https://www.reliancedigital.in/__cypress/runner/cypress_runner.js:144043:14)\n    at tryCatcher (https://www.reliancedigital.in/__cypress/runner/cypress_runner.js:1807:23)\n    at Promise._settlePromiseFromHandler (https://www.reliancedigital.in/__cypress/runner/cypress_runner.js:1519:31)\n    at Promise._settlePromise (https://www.reliancedigital.in/__cypress/runner/cypress_runner.js:1576:18)\n    at Promise._settlePromise0 (https://www.reliancedigital.in/__cypress/runner/cypress_runner.js:1621:10)\n    at Promise._settlePromises (https://www.reliancedigital.in/__cypress/runner/cypress_runner.js:1701:18)\n    at Promise._fulfill (https://www.reliancedigital.in/__cypress/runner/cypress_runner.js:1645:18)\n    at <unknown> (https://www.reliancedigital.in/__cypress/runner/cypress_runner.js:5450:46)\nFrom Your Spec Code:\n    at Context.eval (webpack://cypress_ecommtestrepo/./cypress/e2e/integration/frontend/RelianceDigital/TC01_ProductSearch.cy.js:19:36)",
                "diff": null
              },
              "uuid": "f65f39be-7504-404d-9885-aab49323de69",
              "parentUUID": "d56fa8a6-57b8-4699-92bf-8e35fedf6beb",
              "isHook": false,
              "skipped": false
            }
          ],
          "suites": [],
          "passes": [],
          "failures": [
            "f65f39be-7504-404d-9885-aab49323de69"
          ],
          "pending": [],
          "skipped": [],
          "duration": 21905,
          "root": false,
          "rootEmpty": false,
          "_timeout": 2000
        }
      ],
      "passes": [],
      "failures": [],
      "pending": [],
      "skipped": [],
      "duration": 0,
      "root": true,
      "rootEmpty": true,
      "_timeout": 2000
    }
  ],
  "meta": {
    "mocha": {
      "version": "7.0.1"
    },
    "mochawesome": {
      "options": {
        "quiet": false,
        "reportFilename": "mochawesome",
        "saveHtml": false,
        "saveJson": true,
        "consoleReporter": "spec",
        "useInlineDiffs": false,
        "code": false
      },
      "version": "7.1.3"
    },
    "marge": {
      "options": {
        "reporterDir": "cypress/reports",
        "overwrite": false,
        "saveHtml": true,
        "embeddedScreenshots": true,
        "inlineAssests": true,
        "saveAllAtempts": true,
        "code": false,
        "reportPageTitle": "Cypress-Test-Results",
        "html": false,
        "json": true,
        "reportDir": "cypress\\reports\\html\\.jsons"
      },
      "version": "6.2.0"
    }
  }
}