{
  "stats": {
    "suites": 1,
    "tests": 1,
    "passes": 1,
    "pending": 0,
    "failures": 0,
    "start": "2024-09-07T13:22:40.879Z",
    "end": "2024-09-07T13:22:41.270Z",
    "duration": 391,
    "testsRegistered": 1,
    "passPercent": 100,
    "pendingPercent": 0,
    "other": 0,
    "hasOther": false,
    "skipped": 0,
    "hasSkipped": false
  },
  "results": [
    {
      "uuid": "e8570a76-9918-4d58-b32a-a2117e1ef77f",
      "title": "",
      "fullFile": "cypress\\e2e\\integration\\BackEnd\\NegativeScenarios\\TC03_Negative_Create_NewPostUsing.InvalidUrl.cy.ts",
      "file": "cypress\\e2e\\integration\\BackEnd\\NegativeScenarios\\TC03_Negative_Create_NewPostUsing.InvalidUrl.cy.ts",
      "beforeHooks": [],
      "afterHooks": [],
      "tests": [],
      "suites": [
        {
          "uuid": "8c783a1d-1193-4a68-9780-299ff22d8db0",
          "title": "TC03_Negative_Create_NewPostUsing.InvalidUrl.cy",
          "fullFile": "",
          "file": "",
          "beforeHooks": [],
          "afterHooks": [],
          "tests": [
            {
              "title": "This test case is cretaed to use to creata post using invalid baseUrl",
              "fullTitle": "TC03_Negative_Create_NewPostUsing.InvalidUrl.cy This test case is cretaed to use to creata post using invalid baseUrl",
              "timedOut": null,
              "duration": 322,
              "state": "passed",
              "speed": "fast",
              "pass": true,
              "fail": false,
              "pending": false,
              "context": null,
              "code": "",
              "err": {},
              "uuid": "d8b11c98-ca7e-4c09-b3e1-431e78ef71d1",
              "parentUUID": "8c783a1d-1193-4a68-9780-299ff22d8db0",
              "isHook": false,
              "skipped": false
            }
          ],
          "suites": [],
          "passes": [
            "d8b11c98-ca7e-4c09-b3e1-431e78ef71d1"
          ],
          "failures": [],
          "pending": [],
          "skipped": [],
          "duration": 322,
          "root": false,
          "rootEmpty": false,
          "_timeout": 2000
        }
      ],
      "passes": [],
      "failures": [],
      "pending": [],
      "skipped": [],
      "duration": 0,
      "root": true,
      "rootEmpty": true,
      "_timeout": 2000
    }
  ],
  "meta": {
    "mocha": {
      "version": "7.0.1"
    },
    "mochawesome": {
      "options": {
        "quiet": false,
        "reportFilename": "mochawesome",
        "saveHtml": false,
        "saveJson": true,
        "consoleReporter": "spec",
        "useInlineDiffs": false,
        "code": false
      },
      "version": "7.1.3"
    },
    "marge": {
      "options": {
        "reporterDir": "cypress/reports",
        "overwrite": false,
        "saveHtml": true,
        "embeddedScreenshots": true,
        "inlineAssests": true,
        "saveAllAtempts": true,
        "code": false,
        "reportPageTitle": "Cypress-Test-Results",
        "html": false,
        "json": true,
        "reportDir": "cypress\\reports\\html\\.jsons"
      },
      "version": "6.2.0"
    }
  }
}