{
  "stats": {
    "suites": 1,
    "tests": 1,
    "passes": 1,
    "pending": 0,
    "failures": 0,
    "start": "2024-09-07T13:22:34.301Z",
    "end": "2024-09-07T13:22:35.110Z",
    "duration": 809,
    "testsRegistered": 1,
    "passPercent": 100,
    "pendingPercent": 0,
    "other": 0,
    "hasOther": false,
    "skipped": 0,
    "hasSkipped": false
  },
  "results": [
    {
      "uuid": "95fdd0c3-62c1-4f3c-8352-34e8dcce5f02",
      "title": "",
      "fullFile": "cypress\\e2e\\integration\\BackEnd\\NegativeScenarios\\TC02_Negative_Delete_InvalidID.cy.ts",
      "file": "cypress\\e2e\\integration\\BackEnd\\NegativeScenarios\\TC02_Negative_Delete_InvalidID.cy.ts",
      "beforeHooks": [],
      "afterHooks": [],
      "tests": [],
      "suites": [
        {
          "uuid": "e0487641-9c3f-4dd2-856d-9272075b5848",
          "title": "TC02_Negative_Delete_InvalidID.cy",
          "fullFile": "",
          "file": "",
          "beforeHooks": [],
          "afterHooks": [],
          "tests": [
            {
              "title": "Thsi test case is created to update a non-existing post",
              "fullTitle": "TC02_Negative_Delete_InvalidID.cy Thsi test case is created to update a non-existing post",
              "timedOut": null,
              "duration": 749,
              "state": "passed",
              "speed": "fast",
              "pass": true,
              "fail": false,
              "pending": false,
              "context": null,
              "code": "",
              "err": {},
              "uuid": "5746df75-1218-480d-8e54-6cc9ad4e06c2",
              "parentUUID": "e0487641-9c3f-4dd2-856d-9272075b5848",
              "isHook": false,
              "skipped": false
            }
          ],
          "suites": [],
          "passes": [
            "5746df75-1218-480d-8e54-6cc9ad4e06c2"
          ],
          "failures": [],
          "pending": [],
          "skipped": [],
          "duration": 749,
          "root": false,
          "rootEmpty": false,
          "_timeout": 2000
        }
      ],
      "passes": [],
      "failures": [],
      "pending": [],
      "skipped": [],
      "duration": 0,
      "root": true,
      "rootEmpty": true,
      "_timeout": 2000
    }
  ],
  "meta": {
    "mocha": {
      "version": "7.0.1"
    },
    "mochawesome": {
      "options": {
        "quiet": false,
        "reportFilename": "mochawesome",
        "saveHtml": false,
        "saveJson": true,
        "consoleReporter": "spec",
        "useInlineDiffs": false,
        "code": false
      },
      "version": "7.1.3"
    },
    "marge": {
      "options": {
        "reporterDir": "cypress/reports",
        "overwrite": false,
        "saveHtml": true,
        "embeddedScreenshots": true,
        "inlineAssests": true,
        "saveAllAtempts": true,
        "code": false,
        "reportPageTitle": "Cypress-Test-Results",
        "html": false,
        "json": true,
        "reportDir": "cypress\\reports\\html\\.jsons"
      },
      "version": "6.2.0"
    }
  }
}