{
  "stats": {
    "suites": 1,
    "tests": 1,
    "passes": 1,
    "pending": 0,
    "failures": 0,
    "start": "2024-09-07T13:22:58.796Z",
    "end": "2024-09-07T13:22:59.208Z",
    "duration": 412,
    "testsRegistered": 1,
    "passPercent": 100,
    "pendingPercent": 0,
    "other": 0,
    "hasOther": false,
    "skipped": 0,
    "hasSkipped": false
  },
  "results": [
    {
      "uuid": "809d4179-33a8-4072-9913-4cd0b72dc2c4",
      "title": "",
      "fullFile": "cypress\\e2e\\integration\\BackEnd\\NegativeScenarios\\TC06_Negative_CreatePost_withEmptyBody.cy.ts",
      "file": "cypress\\e2e\\integration\\BackEnd\\NegativeScenarios\\TC06_Negative_CreatePost_withEmptyBody.cy.ts",
      "beforeHooks": [],
      "afterHooks": [],
      "tests": [],
      "suites": [
        {
          "uuid": "37cdb347-a004-421a-9a92-c69e72b6bdfc",
          "title": "TC06_Negative_CreatePost_withEmptyBody",
          "fullFile": "",
          "file": "",
          "beforeHooks": [],
          "afterHooks": [],
          "tests": [
            {
              "title": "This test case is cretaed to create new post with empty body",
              "fullTitle": "TC06_Negative_CreatePost_withEmptyBody This test case is cretaed to create new post with empty body",
              "timedOut": null,
              "duration": 341,
              "state": "passed",
              "speed": "fast",
              "pass": true,
              "fail": false,
              "pending": false,
              "context": null,
              "code": "",
              "err": {},
              "uuid": "91f7a6a0-4a44-4745-8ee7-fd8631461a50",
              "parentUUID": "37cdb347-a004-421a-9a92-c69e72b6bdfc",
              "isHook": false,
              "skipped": false
            }
          ],
          "suites": [],
          "passes": [
            "91f7a6a0-4a44-4745-8ee7-fd8631461a50"
          ],
          "failures": [],
          "pending": [],
          "skipped": [],
          "duration": 341,
          "root": false,
          "rootEmpty": false,
          "_timeout": 2000
        }
      ],
      "passes": [],
      "failures": [],
      "pending": [],
      "skipped": [],
      "duration": 0,
      "root": true,
      "rootEmpty": true,
      "_timeout": 2000
    }
  ],
  "meta": {
    "mocha": {
      "version": "7.0.1"
    },
    "mochawesome": {
      "options": {
        "quiet": false,
        "reportFilename": "mochawesome",
        "saveHtml": false,
        "saveJson": true,
        "consoleReporter": "spec",
        "useInlineDiffs": false,
        "code": false
      },
      "version": "7.1.3"
    },
    "marge": {
      "options": {
        "reporterDir": "cypress/reports",
        "overwrite": false,
        "saveHtml": true,
        "embeddedScreenshots": true,
        "inlineAssests": true,
        "saveAllAtempts": true,
        "code": false,
        "reportPageTitle": "Cypress-Test-Results",
        "html": false,
        "json": true,
        "reportDir": "cypress\\reports\\html\\.jsons"
      },
      "version": "6.2.0"
    }
  }
}