{
  "stats": {
    "suites": 1,
    "tests": 1,
    "passes": 1,
    "pending": 0,
    "failures": 0,
    "start": "2024-09-07T13:22:52.683Z",
    "end": "2024-09-07T13:22:53.051Z",
    "duration": 368,
    "testsRegistered": 1,
    "passPercent": 100,
    "pendingPercent": 0,
    "other": 0,
    "hasOther": false,
    "skipped": 0,
    "hasSkipped": false
  },
  "results": [
    {
      "uuid": "14221e2d-382e-47c3-b6a4-6a5d61b2e57a",
      "title": "",
      "fullFile": "cypress\\e2e\\integration\\BackEnd\\NegativeScenarios\\TC05_Negative_CreatePost_withNoRequestBody.cy.ts",
      "file": "cypress\\e2e\\integration\\BackEnd\\NegativeScenarios\\TC05_Negative_CreatePost_withNoRequestBody.cy.ts",
      "beforeHooks": [],
      "afterHooks": [],
      "tests": [],
      "suites": [
        {
          "uuid": "0fc26e8b-c325-4e47-9baa-c0a16fac2a4c",
          "title": "TC05_Negative_CreatePost_withNoRequestBody",
          "fullFile": "",
          "file": "",
          "beforeHooks": [],
          "afterHooks": [],
          "tests": [
            {
              "title": "This test case is cretaed to create new post with no request body",
              "fullTitle": "TC05_Negative_CreatePost_withNoRequestBody This test case is cretaed to create new post with no request body",
              "timedOut": null,
              "duration": 311,
              "state": "passed",
              "speed": "fast",
              "pass": true,
              "fail": false,
              "pending": false,
              "context": null,
              "code": "",
              "err": {},
              "uuid": "38bc53b5-3def-4939-b822-578f824ae61f",
              "parentUUID": "0fc26e8b-c325-4e47-9baa-c0a16fac2a4c",
              "isHook": false,
              "skipped": false
            }
          ],
          "suites": [],
          "passes": [
            "38bc53b5-3def-4939-b822-578f824ae61f"
          ],
          "failures": [],
          "pending": [],
          "skipped": [],
          "duration": 311,
          "root": false,
          "rootEmpty": false,
          "_timeout": 2000
        }
      ],
      "passes": [],
      "failures": [],
      "pending": [],
      "skipped": [],
      "duration": 0,
      "root": true,
      "rootEmpty": true,
      "_timeout": 2000
    }
  ],
  "meta": {
    "mocha": {
      "version": "7.0.1"
    },
    "mochawesome": {
      "options": {
        "quiet": false,
        "reportFilename": "mochawesome",
        "saveHtml": false,
        "saveJson": true,
        "consoleReporter": "spec",
        "useInlineDiffs": false,
        "code": false
      },
      "version": "7.1.3"
    },
    "marge": {
      "options": {
        "reporterDir": "cypress/reports",
        "overwrite": false,
        "saveHtml": true,
        "embeddedScreenshots": true,
        "inlineAssests": true,
        "saveAllAtempts": true,
        "code": false,
        "reportPageTitle": "Cypress-Test-Results",
        "html": false,
        "json": true,
        "reportDir": "cypress\\reports\\html\\.jsons"
      },
      "version": "6.2.0"
    }
  }
}