{
  "stats": {
    "suites": 1,
    "tests": 1,
    "passes": 1,
    "pending": 0,
    "failures": 0,
    "start": "2024-09-07T13:22:03.388Z",
    "end": "2024-09-07T13:22:04.079Z",
    "duration": 691,
    "testsRegistered": 1,
    "passPercent": 100,
    "pendingPercent": 0,
    "other": 0,
    "hasOther": false,
    "skipped": 0,
    "hasSkipped": false
  },
  "results": [
    {
      "uuid": "02105ac3-c540-4479-80e5-e37b9aa6325f",
      "title": "",
      "fullFile": "cypress\\e2e\\integration\\BackEnd\\PositiveScenarios\\TC01_Get_JsonPlaceHolderAPI.cy.ts",
      "file": "cypress\\e2e\\integration\\BackEnd\\PositiveScenarios\\TC01_Get_JsonPlaceHolderAPI.cy.ts",
      "beforeHooks": [],
      "afterHooks": [],
      "tests": [],
      "suites": [
        {
          "uuid": "01258fc2-1dd9-44b4-b10a-45a04f3d9dcc",
          "title": "TC01_Get_JsonPlaceHolderAPI",
          "fullFile": "",
          "file": "",
          "beforeHooks": [],
          "afterHooks": [],
          "tests": [
            {
              "title": "This test case id create to use GET and Fetch all posts",
              "fullTitle": "TC01_Get_JsonPlaceHolderAPI This test case id create to use GET and Fetch all posts",
              "timedOut": null,
              "duration": 619,
              "state": "passed",
              "speed": "fast",
              "pass": true,
              "fail": false,
              "pending": false,
              "context": null,
              "code": "",
              "err": {},
              "uuid": "60c81ae4-e9a3-4e2d-8237-3ff47ee46aaf",
              "parentUUID": "01258fc2-1dd9-44b4-b10a-45a04f3d9dcc",
              "isHook": false,
              "skipped": false
            }
          ],
          "suites": [],
          "passes": [
            "60c81ae4-e9a3-4e2d-8237-3ff47ee46aaf"
          ],
          "failures": [],
          "pending": [],
          "skipped": [],
          "duration": 619,
          "root": false,
          "rootEmpty": false,
          "_timeout": 2000
        }
      ],
      "passes": [],
      "failures": [],
      "pending": [],
      "skipped": [],
      "duration": 0,
      "root": true,
      "rootEmpty": true,
      "_timeout": 2000
    }
  ],
  "meta": {
    "mocha": {
      "version": "7.0.1"
    },
    "mochawesome": {
      "options": {
        "quiet": false,
        "reportFilename": "mochawesome",
        "saveHtml": false,
        "saveJson": true,
        "consoleReporter": "spec",
        "useInlineDiffs": false,
        "code": false
      },
      "version": "7.1.3"
    },
    "marge": {
      "options": {
        "reporterDir": "cypress/reports",
        "overwrite": false,
        "saveHtml": true,
        "embeddedScreenshots": true,
        "inlineAssests": true,
        "saveAllAtempts": true,
        "code": false,
        "reportPageTitle": "Cypress-Test-Results",
        "html": false,
        "json": true,
        "reportDir": "cypress\\reports\\html\\.jsons"
      },
      "version": "6.2.0"
    }
  }
}